INFO  23-06-08 08:31:34[main] [ApiApplication:55] - Starting ApiApplication using Java 17.0.7 on limdoyoung with PID 42704 (C:\Users\dlaeh\workSpaces\spring-event-sourcing-sample\target\classes started by dlaeh in C:\Users\dlaeh\workSpaces\spring-event-sourcing-sample)
INFO  23-06-08 08:31:34[main] [ApiApplication:631] - No active profile set, falling back to 1 default profile: "default"
INFO  23-06-08 08:31:36[main] [RepositoryConfigurationDelegate:262] - Multiple Spring Data modules found, entering strict repository configuration mode
INFO  23-06-08 08:31:36[main] [RepositoryConfigurationDelegate:132] - Bootstrapping Spring Data JDBC repositories in DEFAULT mode.
INFO  23-06-08 08:31:36[main] [RepositoryConfigurationExtensionSupport:349] - Spring Data JDBC - Could not safely identify store assignment for repository candidate interface web.api.repository.MemberJpaRepository; If you want this repository to be a JDBC repository, consider annotating your entities with one of these annotations: org.springframework.data.relational.core.mapping.Table.
INFO  23-06-08 08:31:36[main] [RepositoryConfigurationDelegate:201] - Finished Spring Data repository scanning in 21 ms. Found 0 JDBC repository interfaces.
INFO  23-06-08 08:31:36[main] [RepositoryConfigurationDelegate:262] - Multiple Spring Data modules found, entering strict repository configuration mode
INFO  23-06-08 08:31:36[main] [RepositoryConfigurationDelegate:132] - Bootstrapping Spring Data JPA repositories in DEFAULT mode.
INFO  23-06-08 08:31:36[main] [RepositoryConfigurationDelegate:201] - Finished Spring Data repository scanning in 91 ms. Found 1 JPA repository interfaces.
INFO  23-06-08 08:31:36[main] [RepositoryConfigurationDelegate:262] - Multiple Spring Data modules found, entering strict repository configuration mode
INFO  23-06-08 08:31:36[main] [RepositoryConfigurationDelegate:132] - Bootstrapping Spring Data Redis repositories in DEFAULT mode.
INFO  23-06-08 08:31:36[main] [RepositoryConfigurationExtensionSupport:349] - Spring Data Redis - Could not safely identify store assignment for repository candidate interface web.api.repository.MemberJpaRepository; If you want this repository to be a Redis repository, consider annotating your entities with one of these annotations: org.springframework.data.redis.core.RedisHash (preferred), or consider extending one of the following types with your repository: org.springframework.data.keyvalue.repository.KeyValueRepository
INFO  23-06-08 08:31:36[main] [RepositoryConfigurationDelegate:201] - Finished Spring Data repository scanning in 8 ms. Found 0 Redis repository interfaces.
INFO  23-06-08 08:31:37[main] [TomcatWebServer:108] - Tomcat initialized with port(s): 8090 (http)
INFO  23-06-08 08:31:37[main] [Http11NioProtocol:173] - Initializing ProtocolHandler ["http-nio-8090"]
INFO  23-06-08 08:31:37[main] [StandardService:173] - Starting service [Tomcat]
INFO  23-06-08 08:31:37[main] [StandardEngine:173] - Starting Servlet engine: [Apache Tomcat/9.0.71]
INFO  23-06-08 08:31:37[main] [[/]:173] - Initializing Spring embedded WebApplicationContext
INFO  23-06-08 08:31:37[main] [ServletWebServerApplicationContext:292] - Root WebApplicationContext: initialization completed in 2953 ms
INFO  23-06-08 08:31:38[main] [LogHelper:31] - HHH000204: Processing PersistenceUnitInfo [name: default]
INFO  23-06-08 08:31:38[main] [Version:44] - HHH000412: Hibernate ORM core version 5.6.15.Final
INFO  23-06-08 08:31:38[main] [Version:56] - HCANN000001: Hibernate Commons Annotations {5.1.2.Final}
INFO  23-06-08 08:31:38[main] [HikariDataSource:110] - HikariPool-1 - Starting...
INFO  23-06-08 08:31:38[main] [HikariDataSource:123] - HikariPool-1 - Start completed.
INFO  23-06-08 08:31:38[main] [Dialect:175] - HHH000400: Using dialect: org.hibernate.dialect.PostgreSQL10Dialect
INFO  23-06-08 08:31:39[main] [JtaPlatformInitiator:52] - HHH000490: Using JtaPlatform implementation: [org.hibernate.engine.transaction.jta.platform.internal.NoJtaPlatform]
INFO  23-06-08 08:31:39[main] [LocalContainerEntityManagerFactoryBean:437] - Initialized JPA EntityManagerFactory for persistence unit 'default'
WARN  23-06-08 08:31:40[main] [JpaBaseConfiguration$JpaWebConfiguration:223] - spring.jpa.open-in-view is enabled by default. Therefore, database queries may be performed during view rendering. Explicitly configure spring.jpa.open-in-view to disable this warning
INFO  23-06-08 08:31:43[main] [ConsumerConfig:361] - ConsumerConfig values: 
	allow.auto.create.topics = true
	auto.commit.interval.ms = 5000
	auto.offset.reset = earliest
	bootstrap.servers = [localhost:9092]
	check.crcs = true
	client.dns.lookup = use_all_dns_ips
	client.id = consumer-foo-1
	client.rack = 
	connections.max.idle.ms = 540000
	default.api.timeout.ms = 60000
	enable.auto.commit = false
	exclude.internal.topics = true
	fetch.max.bytes = 52428800
	fetch.max.wait.ms = 500
	fetch.min.bytes = 1
	group.id = foo
	group.instance.id = null
	heartbeat.interval.ms = 3000
	interceptor.classes = []
	internal.leave.group.on.close = true
	internal.throw.on.fetch.stable.offset.unsupported = false
	isolation.level = read_uncommitted
	key.deserializer = class org.apache.kafka.common.serialization.StringDeserializer
	max.partition.fetch.bytes = 1048576
	max.poll.interval.ms = 300000
	max.poll.records = 500
	metadata.max.age.ms = 300000
	metric.reporters = []
	metrics.num.samples = 2
	metrics.recording.level = INFO
	metrics.sample.window.ms = 30000
	partition.assignment.strategy = [class org.apache.kafka.clients.consumer.RangeAssignor]
	receive.buffer.bytes = 65536
	reconnect.backoff.max.ms = 1000
	reconnect.backoff.ms = 50
	request.timeout.ms = 30000
	retry.backoff.ms = 100
	sasl.client.callback.handler.class = null
	sasl.jaas.config = null
	sasl.kerberos.kinit.cmd = /usr/bin/kinit
	sasl.kerberos.min.time.before.relogin = 60000
	sasl.kerberos.service.name = null
	sasl.kerberos.ticket.renew.jitter = 0.05
	sasl.kerberos.ticket.renew.window.factor = 0.8
	sasl.login.callback.handler.class = null
	sasl.login.class = null
	sasl.login.refresh.buffer.seconds = 300
	sasl.login.refresh.min.period.seconds = 60
	sasl.login.refresh.window.factor = 0.8
	sasl.login.refresh.window.jitter = 0.05
	sasl.mechanism = GSSAPI
	security.protocol = PLAINTEXT
	security.providers = null
	send.buffer.bytes = 131072
	session.timeout.ms = 10000
	socket.connection.setup.timeout.max.ms = 127000
	socket.connection.setup.timeout.ms = 10000
	ssl.cipher.suites = null
	ssl.enabled.protocols = [TLSv1.2, TLSv1.3]
	ssl.endpoint.identification.algorithm = https
	ssl.engine.factory.class = null
	ssl.key.password = null
	ssl.keymanager.algorithm = SunX509
	ssl.keystore.certificate.chain = null
	ssl.keystore.key = null
	ssl.keystore.location = null
	ssl.keystore.password = null
	ssl.keystore.type = JKS
	ssl.protocol = TLSv1.3
	ssl.provider = null
	ssl.secure.random.implementation = null
	ssl.trustmanager.algorithm = PKIX
	ssl.truststore.certificates = null
	ssl.truststore.location = null
	ssl.truststore.password = null
	ssl.truststore.type = JKS
	value.deserializer = class org.apache.kafka.common.serialization.StringDeserializer

INFO  23-06-08 08:31:43[main] [AppInfoParser:119] - Kafka version: 2.7.0
INFO  23-06-08 08:31:43[main] [AppInfoParser:120] - Kafka commitId: 448719dc99a19793
INFO  23-06-08 08:31:43[main] [AppInfoParser:121] - Kafka startTimeMs: 1686180703327
INFO  23-06-08 08:31:43[main] [KafkaConsumer:961] - [Consumer clientId=consumer-foo-1, groupId=foo] Subscribed to topic(s): my1-topic
INFO  23-06-08 08:31:43[main] [Http11NioProtocol:173] - Starting ProtocolHandler ["http-nio-8090"]
INFO  23-06-08 08:31:43[main] [TomcatWebServer:220] - Tomcat started on port(s): 8090 (http) with context path ''
INFO  23-06-08 08:31:44[main] [ApiApplication:61] - Started ApiApplication in 9.671 seconds (JVM running for 10.855)
INFO  23-06-08 08:31:44[org.springframework.kafka.KafkaListenerEndpointContainer#0-0-C-1] [Metadata:279] - [Consumer clientId=consumer-foo-1, groupId=foo] Cluster ID: sHUSsb60QyipALfy4nRqJw
INFO  23-06-08 08:31:44[org.springframework.kafka.KafkaListenerEndpointContainer#0-0-C-1] [AbstractCoordinator:847] - [Consumer clientId=consumer-foo-1, groupId=foo] Discovered group coordinator 127.0.0.1:9092 (id: 2147482646 rack: null)
INFO  23-06-08 08:31:44[org.springframework.kafka.KafkaListenerEndpointContainer#0-0-C-1] [AbstractCoordinator:540] - [Consumer clientId=consumer-foo-1, groupId=foo] (Re-)joining group
INFO  23-06-08 08:31:44[org.springframework.kafka.KafkaListenerEndpointContainer#0-0-C-1] [AbstractCoordinator:540] - [Consumer clientId=consumer-foo-1, groupId=foo] (Re-)joining group
INFO  23-06-08 08:31:44[org.springframework.kafka.KafkaListenerEndpointContainer#0-0-C-1] [AbstractCoordinator:596] - [Consumer clientId=consumer-foo-1, groupId=foo] Successfully joined group with generation Generation{generationId=3, memberId='consumer-foo-1-28795d05-ba11-436f-b6c1-04481e0b6289', protocol='range'}
INFO  23-06-08 08:31:44[org.springframework.kafka.KafkaListenerEndpointContainer#0-0-C-1] [ConsumerCoordinator:626] - [Consumer clientId=consumer-foo-1, groupId=foo] Finished assignment for group at generation 3: {consumer-foo-1-28795d05-ba11-436f-b6c1-04481e0b6289=Assignment(partitions=[my1-topic-0])}
INFO  23-06-08 08:31:44[org.springframework.kafka.KafkaListenerEndpointContainer#0-0-C-1] [AbstractCoordinator:756] - [Consumer clientId=consumer-foo-1, groupId=foo] Successfully synced group in generation Generation{generationId=3, memberId='consumer-foo-1-28795d05-ba11-436f-b6c1-04481e0b6289', protocol='range'}
INFO  23-06-08 08:31:44[org.springframework.kafka.KafkaListenerEndpointContainer#0-0-C-1] [ConsumerCoordinator:276] - [Consumer clientId=consumer-foo-1, groupId=foo] Notifying assignor about the new Assignment(partitions=[my1-topic-0])
INFO  23-06-08 08:31:44[org.springframework.kafka.KafkaListenerEndpointContainer#0-0-C-1] [ConsumerCoordinator:288] - [Consumer clientId=consumer-foo-1, groupId=foo] Adding newly assigned partitions: my1-topic-0
INFO  23-06-08 08:31:44[org.springframework.kafka.KafkaListenerEndpointContainer#0-0-C-1] [ConsumerCoordinator:820] - [Consumer clientId=consumer-foo-1, groupId=foo] Setting offset for partition my1-topic-0 to the committed offset FetchPosition{offset=5, offsetEpoch=Optional.empty, currentLeader=LeaderAndEpoch{leader=Optional[127.0.0.1:9092 (id: 1001 rack: null)], epoch=0}}
INFO  23-06-08 08:31:44[org.springframework.kafka.KafkaListenerEndpointContainer#0-0-C-1] [KafkaMessageListenerContainer:292] - foo: partitions assigned: [my1-topic-0]
INFO  23-06-08 15:42:25[kafka-coordinator-heartbeat-thread | foo] [AbstractCoordinator:904] - [Consumer clientId=consumer-foo-1, groupId=foo] Group coordinator 127.0.0.1:9092 (id: 2147482646 rack: null) is unavailable or invalid due to cause: coordinator unavailable.isDisconnected: true. Rediscovery will be attempted.
INFO  23-06-08 15:42:25[org.springframework.kafka.KafkaListenerEndpointContainer#0-0-C-1] [FetchSessionHandler:481] - [Consumer clientId=consumer-foo-1, groupId=foo] Error sending fetch request (sessionId=979459783, epoch=48227) to node 1001:
org.apache.kafka.common.errors.DisconnectException: null
INFO  23-06-08 15:42:25[org.springframework.kafka.KafkaListenerEndpointContainer#0-0-C-1] [AbstractCoordinator:847] - [Consumer clientId=consumer-foo-1, groupId=foo] Discovered group coordinator 127.0.0.1:9092 (id: 2147482646 rack: null)
WARN  23-06-08 15:42:29[HikariPool-1 housekeeper] [HikariPool:788] - HikariPool-1 - Thread starvation or clock leap detected (housekeeper delta=26m13s535ms341?s500ns).
